[2026-02-25 23:02:58,636] 1025 httpx - HTTP Request: GET https://dagshub.com/api/v1/user "HTTP/1.1 200 OK"
[2026-02-25 23:02:58,643] 107 dagshub - Accessing as ramnallapati
[2026-02-25 23:02:59,662] 1025 httpx - HTTP Request: GET https://dagshub.com/api/v1/repos/ramnallapati/Industry-standard-ml-project-code "HTTP/1.1 200 OK"
[2026-02-25 23:03:00,687] 1025 httpx - HTTP Request: GET https://dagshub.com/api/v1/user "HTTP/1.1 200 OK"
[2026-02-25 23:03:00,690] 107 dagshub - Initialized MLflow to track repo "ramnallapati/Industry-standard-ml-project-code"
[2026-02-25 23:03:00,690] 107 dagshub - Repository ramnallapati/Industry-standard-ml-project-code initialized!
[2026-02-25 23:03:00,691] 20 root - Initiate the Data ingestion
[2026-02-25 23:03:10,057] 65 root - Performed train test split on the Dataframe
[2026-02-25 23:03:10,057] 67 root - Exited split_data_as_train_test method od Data_Ingestion class
[2026-02-25 23:03:10,057] 71 root - exporting train and test file path.
[2026-02-25 23:03:10,063] 79 root - Exported train and test file path
[2026-02-25 23:03:10,063] 22 root - Data Ingestion completed
[2026-02-25 23:03:10,077] 26 root - Initiate Data validation
[2026-02-25 23:03:10,136] 41 root - Required number of columns:{number_of_columns}
[2026-02-25 23:03:10,136] 42 root - Dataframe has columns:10
[2026-02-25 23:03:10,136] 41 root - Required number of columns:{number_of_columns}
[2026-02-25 23:03:10,136] 42 root - Dataframe has columns:10
[2026-02-25 23:03:10,154] 28 root - data validation completed
[2026-02-25 23:03:10,155] 30 root - Data Transformation Initiatiated
[2026-02-25 23:03:10,155] 71 root - Entered initiate_data_transformation method of DataTransformation class
[2026-02-25 23:03:10,155] 74 root - starting data transformation
[2026-02-25 23:03:10,160] 55 root - Entered get_data_transformer_object method of Transformation class
[2026-02-25 23:03:10,161] 61 root - Initialize KNNImputer with {'missing_values': nan, 'n_neighbors': 3, 'weights': 'uniform'}
[2026-02-25 23:03:10,169] 50 root - Enter the save_object method of mainUtils class
[2026-02-25 23:03:10,171] 54 root - Exited the save_object method of Mainutils class
[2026-02-25 23:03:10,171] 50 root - Enter the save_object method of mainUtils class
[2026-02-25 23:03:10,172] 54 root - Exited the save_object method of Mainutils class
[2026-02-25 23:03:10,174] 35 root - Data Transformation Completed
[2026-02-25 23:03:10,174] 37 root - Model Training started
[2026-02-25 23:04:12,665] 50 root - Enter the save_object method of mainUtils class
[2026-02-25 23:04:12,666] 54 root - Exited the save_object method of Mainutils class
[2026-02-25 23:04:12,666] 50 root - Enter the save_object method of mainUtils class
[2026-02-25 23:04:12,671] 54 root - Exited the save_object method of Mainutils class
[2026-02-25 23:04:12,671] 125 root - Model Trainer artifact: ModelTrainerArtifact(trained_model_file_path='Artifacts\\02_25_2026_23_02_53\\model_trainer\\trained_model\\model.pkl', train_metric_artifact=ClassificationMetricArtifact(f1_score=0.9241223103057757, precision_score=0.9251700680272109, recall_score=0.9230769230769231), test_metric_artifact=ClassificationMetricArtifact(f1_score=0.9142857142857143, precision_score=0.9230769230769231, recall_score=0.9056603773584906))
[2026-02-25 23:04:45,969] 42 root - model Training artifact created
